\BOOKMARK [1][-]{section*.2}{Resumen}{}% 1
\BOOKMARK [1][-]{section*.3}{Abstract}{}% 2
\BOOKMARK [1][-]{section.1}{Introducci\363n}{}% 3
\BOOKMARK [1][-]{section.2}{Antecedentes}{}% 4
\BOOKMARK [2][-]{subsection.2.1}{Redes neuronales e Inteligencia artificial.}{section.2}% 5
\BOOKMARK [3][-]{subsubsection.2.1.1}{Primera ola\(1949-1969\)}{subsection.2.1}% 6
\BOOKMARK [3][-]{subsubsection.2.1.2}{Segunda ola\(1986-1995\)}{subsection.2.1}% 7
\BOOKMARK [3][-]{subsubsection.2.1.3}{Tercera ola\(2007-?\)}{subsection.2.1}% 8
\BOOKMARK [3][-]{subsubsection.2.1.4}{Presente\(2019\)}{subsection.2.1}% 9
\BOOKMARK [3][-]{subsubsection.2.1.5}{Conclusiones}{subsection.2.1}% 10
\BOOKMARK [2][-]{subsection.2.2}{Aceler\363metros}{section.2}% 11
\BOOKMARK [3][-]{subsubsection.2.2.1}{Primera era: 1923-1936}{subsection.2.2}% 12
\BOOKMARK [3][-]{subsubsection.2.2.2}{Segunda era: 1936-1950}{subsection.2.2}% 13
\BOOKMARK [3][-]{subsubsection.2.2.3}{Tercera era: 1950-1991}{subsection.2.2}% 14
\BOOKMARK [3][-]{subsubsection.2.2.4}{Cuarta era: 1991-?}{subsection.2.2}% 15
\BOOKMARK [3][-]{subsubsection.2.2.5}{Conclusiones}{subsection.2.2}% 16
\BOOKMARK [2][-]{subsection.2.3}{Identificaci\363n de patrones movimiento}{section.2}% 17
\BOOKMARK [3][-]{subsubsection.2.3.1}{Captura de informaci\363n: Sensores}{subsection.2.3}% 18
\BOOKMARK [3][-]{subsubsection.2.3.2}{Desarrollo del algoritmo}{subsection.2.3}% 19
\BOOKMARK [3][-]{subsubsection.2.3.3}{Limitaciones}{subsection.2.3}% 20
\BOOKMARK [3][-]{subsubsection.2.3.4}{Conclusiones}{subsection.2.3}% 21
\BOOKMARK [1][-]{section.3}{Fundamentos te\363ricos}{}% 22
\BOOKMARK [2][-]{subsection.3.1}{Introducci\363n a las redes neuronales}{section.3}% 23
\BOOKMARK [3][-]{subsubsection.3.1.1}{Definici\363n}{subsection.3.1}% 24
\BOOKMARK [3][-]{subsubsection.3.1.2}{Estructura biol\363gica}{subsection.3.1}% 25
\BOOKMARK [3][-]{subsubsection.3.1.3}{Estructura en el software}{subsection.3.1}% 26
\BOOKMARK [3][-]{subsubsection.3.1.4}{Algoritmo de entrenamiento: Backpropagation}{subsection.3.1}% 27
\BOOKMARK [2][-]{subsection.3.2}{Acelerometros}{section.3}% 28
\BOOKMARK [1][-]{section.4}{Descripci\363n del sistema}{}% 29
\BOOKMARK [2][-]{subsection.4.1}{Smartphone}{section.4}% 30
\BOOKMARK [2][-]{subsection.4.2}{Smartwatch}{section.4}% 31
\BOOKMARK [2][-]{subsection.4.3}{Software}{section.4}% 32
\BOOKMARK [3][-]{subsubsection.4.3.1}{Android Studio}{subsection.4.3}% 33
\BOOKMARK [3][-]{subsubsection.4.3.2}{Matlab}{subsection.4.3}% 34
\BOOKMARK [2][-]{subsection.4.4}{Red Neuronal}{section.4}% 35
\BOOKMARK [1][-]{section.5}{Metodolog\355a}{}% 36
\BOOKMARK [2][-]{subsection.5.1}{Toma de datos}{section.5}% 37
\BOOKMARK [2][-]{subsection.5.2}{An\341lisis de los datos}{section.5}% 38
\BOOKMARK [3][-]{subsubsection.5.2.1}{Reposo}{subsection.5.2}% 39
\BOOKMARK [3][-]{subsubsection.5.2.2}{Andando}{subsection.5.2}% 40
\BOOKMARK [3][-]{subsubsection.5.2.3}{Corriendo}{subsection.5.2}% 41
\BOOKMARK [3][-]{subsubsection.5.2.4}{Cayendo}{subsection.5.2}% 42
\BOOKMARK [3][-]{subsubsection.5.2.5}{Comentarios de los datos}{subsection.5.2}% 43
\BOOKMARK [2][-]{subsection.5.3}{Programaci\363n}{section.5}% 44
\BOOKMARK [1][-]{section.6}{Resultados}{}% 45
\BOOKMARK [1][-]{section.7}{Conclusiones}{}% 46
